2020-09-17 09:27:40.975 [restartedMain] WARN  com.netflix.config.sources.URLConfigurationSource - No URLs will be polled as dynamic configuration sources.
2020-09-17 09:27:40.985 [restartedMain] WARN  com.netflix.config.sources.URLConfigurationSource - No URLs will be polled as dynamic configuration sources.
2020-09-17 10:07:04.069 [restartedMain] WARN  com.netflix.config.sources.URLConfigurationSource - No URLs will be polled as dynamic configuration sources.
2020-09-17 10:07:04.089 [restartedMain] WARN  com.netflix.config.sources.URLConfigurationSource - No URLs will be polled as dynamic configuration sources.
2020-09-17 10:18:49.506 [restartedMain] WARN  com.netflix.config.sources.URLConfigurationSource - No URLs will be polled as dynamic configuration sources.
2020-09-17 10:18:49.510 [restartedMain] WARN  com.netflix.config.sources.URLConfigurationSource - No URLs will be polled as dynamic configuration sources.
2020-09-17 10:34:28.926 [restartedMain] WARN  com.netflix.config.sources.URLConfigurationSource - No URLs will be polled as dynamic configuration sources.
2020-09-17 10:34:28.929 [restartedMain] WARN  com.netflix.config.sources.URLConfigurationSource - No URLs will be polled as dynamic configuration sources.
2020-09-17 10:43:07.669 [HikariPool-1 housekeeper] WARN  com.zaxxer.hikari.pool.HikariPool - HikariPool-1 - Thread starvation or clock leap detected (housekeeper delta=6m39s473ms390µs300ns).
2020-09-17 10:56:41.525 [restartedMain] WARN  com.netflix.config.sources.URLConfigurationSource - No URLs will be polled as dynamic configuration sources.
2020-09-17 10:56:41.529 [restartedMain] WARN  com.netflix.config.sources.URLConfigurationSource - No URLs will be polled as dynamic configuration sources.
2020-09-17 11:17:23.171 [restartedMain] WARN  com.netflix.config.sources.URLConfigurationSource - No URLs will be polled as dynamic configuration sources.
2020-09-17 11:17:23.175 [restartedMain] WARN  com.netflix.config.sources.URLConfigurationSource - No URLs will be polled as dynamic configuration sources.
2020-09-17 11:20:29.808 [restartedMain] WARN  com.netflix.config.sources.URLConfigurationSource - No URLs will be polled as dynamic configuration sources.
2020-09-17 11:20:29.813 [restartedMain] WARN  com.netflix.config.sources.URLConfigurationSource - No URLs will be polled as dynamic configuration sources.
2020-09-17 12:21:06.147 [HikariPool-1 housekeeper] WARN  com.zaxxer.hikari.pool.HikariPool - HikariPool-1 - Thread starvation or clock leap detected (housekeeper delta=32m7s132ms910µs600ns).
2020-09-17 12:36:43.833 [restartedMain] WARN  com.netflix.config.sources.URLConfigurationSource - No URLs will be polled as dynamic configuration sources.
2020-09-17 12:36:43.836 [restartedMain] WARN  com.netflix.config.sources.URLConfigurationSource - No URLs will be polled as dynamic configuration sources.
2020-09-17 12:42:20.879 [restartedMain] WARN  com.netflix.config.sources.URLConfigurationSource - No URLs will be polled as dynamic configuration sources.
2020-09-17 12:42:20.883 [restartedMain] WARN  com.netflix.config.sources.URLConfigurationSource - No URLs will be polled as dynamic configuration sources.
2020-09-17 13:07:38.428 [restartedMain] WARN  com.netflix.config.sources.URLConfigurationSource - No URLs will be polled as dynamic configuration sources.
2020-09-17 13:07:38.432 [restartedMain] WARN  com.netflix.config.sources.URLConfigurationSource - No URLs will be polled as dynamic configuration sources.
2020-09-17 14:13:28.192 [restartedMain] WARN  com.netflix.config.sources.URLConfigurationSource - No URLs will be polled as dynamic configuration sources.
2020-09-17 14:13:28.195 [restartedMain] WARN  com.netflix.config.sources.URLConfigurationSource - No URLs will be polled as dynamic configuration sources.
2020-09-17 14:36:28.017 [HikariPool-1 housekeeper] WARN  com.zaxxer.hikari.pool.HikariPool - HikariPool-1 - Thread starvation or clock leap detected (housekeeper delta=7m1s705ms754µs).
2020-09-17 15:04:57.054 [restartedMain] WARN  com.netflix.config.sources.URLConfigurationSource - No URLs will be polled as dynamic configuration sources.
2020-09-17 15:04:57.094 [restartedMain] WARN  com.netflix.config.sources.URLConfigurationSource - No URLs will be polled as dynamic configuration sources.
2020-09-17 15:06:10.853 [HikariPool-1 housekeeper] WARN  com.zaxxer.hikari.pool.HikariPool - HikariPool-1 - Thread starvation or clock leap detected (housekeeper delta=1m14s749ms516µs700ns).
2020-09-17 15:07:44.444 [HikariPool-1 housekeeper] WARN  com.zaxxer.hikari.pool.HikariPool - HikariPool-1 - Thread starvation or clock leap detected (housekeeper delta=1m33s592ms967µs400ns).
2020-09-17 15:07:44.512 [http-nio-8001-exec-5] WARN  o.s.w.s.m.m.a.ExceptionHandlerExceptionResolver - Failure in @ExceptionHandler com.atguigu.servicebase.exception.GlobalExceptionHandler#error(Exception)
org.apache.catalina.connector.ClientAbortException: java.io.IOException: 你的主机中的软件中止了一个已建立的连接。
	at org.apache.catalina.connector.OutputBuffer.doFlush(OutputBuffer.java:309)
	at org.apache.catalina.connector.OutputBuffer.flush(OutputBuffer.java:272)
	at org.apache.catalina.connector.CoyoteOutputStream.flush(CoyoteOutputStream.java:118)
	at com.fasterxml.jackson.core.json.UTF8JsonGenerator.flush(UTF8JsonGenerator.java:1153)
	at com.fasterxml.jackson.databind.ObjectWriter.writeValue(ObjectWriter.java:923)
	at org.springframework.http.converter.json.AbstractJackson2HttpMessageConverter.writeInternal(AbstractJackson2HttpMessageConverter.java:287)
	at org.springframework.http.converter.AbstractGenericHttpMessageConverter.write(AbstractGenericHttpMessageConverter.java:104)
	at org.springframework.web.servlet.mvc.method.annotation.AbstractMessageConverterMethodProcessor.writeWithMessageConverters(AbstractMessageConverterMethodProcessor.java:295)
	at org.springframework.web.servlet.mvc.method.annotation.RequestResponseBodyMethodProcessor.handleReturnValue(RequestResponseBodyMethodProcessor.java:181)
	at org.springframework.web.method.support.HandlerMethodReturnValueHandlerComposite.handleReturnValue(HandlerMethodReturnValueHandlerComposite.java:82)
	at org.springframework.web.servlet.mvc.method.annotation.ServletInvocableHandlerMethod.invokeAndHandle(ServletInvocableHandlerMethod.java:124)
	at org.springframework.web.servlet.mvc.method.annotation.ExceptionHandlerExceptionResolver.doResolveHandlerMethodException(ExceptionHandlerExceptionResolver.java:403)
	at org.springframework.web.servlet.handler.AbstractHandlerMethodExceptionResolver.doResolveException(AbstractHandlerMethodExceptionResolver.java:61)
	at org.springframework.web.servlet.handler.AbstractHandlerExceptionResolver.resolveException(AbstractHandlerExceptionResolver.java:141)
	at org.springframework.web.servlet.handler.HandlerExceptionResolverComposite.resolveException(HandlerExceptionResolverComposite.java:80)
	at org.springframework.web.servlet.DispatcherServlet.processHandlerException(DispatcherServlet.java:1300)
	at org.springframework.web.servlet.DispatcherServlet.processDispatchResult(DispatcherServlet.java:1111)
	at org.springframework.web.servlet.DispatcherServlet.doDispatch(DispatcherServlet.java:1057)
	at org.springframework.web.servlet.DispatcherServlet.doService(DispatcherServlet.java:943)
	at org.springframework.web.servlet.FrameworkServlet.processRequest(FrameworkServlet.java:1006)
	at org.springframework.web.servlet.FrameworkServlet.doPost(FrameworkServlet.java:909)
	at javax.servlet.http.HttpServlet.service(HttpServlet.java:660)
	at org.springframework.web.servlet.FrameworkServlet.service(FrameworkServlet.java:883)
	at javax.servlet.http.HttpServlet.service(HttpServlet.java:741)
	at org.apache.catalina.core.ApplicationFilterChain.internalDoFilter(ApplicationFilterChain.java:231)
	at org.apache.catalina.core.ApplicationFilterChain.doFilter(ApplicationFilterChain.java:166)
	at org.apache.tomcat.websocket.server.WsFilter.doFilter(WsFilter.java:53)
	at org.apache.catalina.core.ApplicationFilterChain.internalDoFilter(ApplicationFilterChain.java:193)
	at org.apache.catalina.core.ApplicationFilterChain.doFilter(ApplicationFilterChain.java:166)
	at org.springframework.web.filter.RequestContextFilter.doFilterInternal(RequestContextFilter.java:100)
	at org.springframework.web.filter.OncePerRequestFilter.doFilter(OncePerRequestFilter.java:119)
	at org.apache.catalina.core.ApplicationFilterChain.internalDoFilter(ApplicationFilterChain.java:193)
	at org.apache.catalina.core.ApplicationFilterChain.doFilter(ApplicationFilterChain.java:166)
	at org.springframework.web.filter.FormContentFilter.doFilterInternal(FormContentFilter.java:93)
	at org.springframework.web.filter.OncePerRequestFilter.doFilter(OncePerRequestFilter.java:119)
	at org.apache.catalina.core.ApplicationFilterChain.internalDoFilter(ApplicationFilterChain.java:193)
	at org.apache.catalina.core.ApplicationFilterChain.doFilter(ApplicationFilterChain.java:166)
	at org.springframework.web.filter.CharacterEncodingFilter.doFilterInternal(CharacterEncodingFilter.java:201)
	at org.springframework.web.filter.OncePerRequestFilter.doFilter(OncePerRequestFilter.java:119)
	at org.apache.catalina.core.ApplicationFilterChain.internalDoFilter(ApplicationFilterChain.java:193)
	at org.apache.catalina.core.ApplicationFilterChain.doFilter(ApplicationFilterChain.java:166)
	at org.apache.catalina.core.StandardWrapperValve.invoke(StandardWrapperValve.java:202)
	at org.apache.catalina.core.StandardContextValve.invoke(StandardContextValve.java:96)
	at org.apache.catalina.authenticator.AuthenticatorBase.invoke(AuthenticatorBase.java:526)
	at org.apache.catalina.core.StandardHostValve.invoke(StandardHostValve.java:139)
	at org.apache.catalina.valves.ErrorReportValve.invoke(ErrorReportValve.java:92)
	at org.apache.catalina.core.StandardEngineValve.invoke(StandardEngineValve.java:74)
	at org.apache.catalina.connector.CoyoteAdapter.service(CoyoteAdapter.java:343)
	at org.apache.coyote.http11.Http11Processor.service(Http11Processor.java:408)
	at org.apache.coyote.AbstractProcessorLight.process(AbstractProcessorLight.java:66)
	at org.apache.coyote.AbstractProtocol$ConnectionHandler.process(AbstractProtocol.java:861)
	at org.apache.tomcat.util.net.NioEndpoint$SocketProcessor.doRun(NioEndpoint.java:1579)
	at org.apache.tomcat.util.net.SocketProcessorBase.run(SocketProcessorBase.java:49)
	at java.util.concurrent.ThreadPoolExecutor.runWorker(ThreadPoolExecutor.java:1149)
	at java.util.concurrent.ThreadPoolExecutor$Worker.run(ThreadPoolExecutor.java:624)
	at org.apache.tomcat.util.threads.TaskThread$WrappingRunnable.run(TaskThread.java:61)
	at java.lang.Thread.run(Thread.java:748)
Caused by: java.io.IOException: 你的主机中的软件中止了一个已建立的连接。
	at sun.nio.ch.SocketDispatcher.write0(Native Method)
	at sun.nio.ch.SocketDispatcher.write(SocketDispatcher.java:51)
	at sun.nio.ch.IOUtil.writeFromNativeBuffer(IOUtil.java:93)
	at sun.nio.ch.IOUtil.write(IOUtil.java:65)
	at sun.nio.ch.SocketChannelImpl.write(SocketChannelImpl.java:471)
	at org.apache.tomcat.util.net.NioChannel.write(NioChannel.java:138)
	at org.apache.tomcat.util.net.NioBlockingSelector.write(NioBlockingSelector.java:101)
	at org.apache.tomcat.util.net.NioSelectorPool.write(NioSelectorPool.java:152)
	at org.apache.tomcat.util.net.NioEndpoint$NioSocketWrapper.doWrite(NioEndpoint.java:1251)
	at org.apache.tomcat.util.net.SocketWrapperBase.doWrite(SocketWrapperBase.java:801)
	at org.apache.tomcat.util.net.SocketWrapperBase.flushBlocking(SocketWrapperBase.java:754)
	at org.apache.tomcat.util.net.SocketWrapperBase.flush(SocketWrapperBase.java:744)
	at org.apache.coyote.http11.Http11OutputBuffer$SocketOutputBuffer.flush(Http11OutputBuffer.java:564)
	at org.apache.coyote.http11.filters.IdentityOutputFilter.flush(IdentityOutputFilter.java:117)
	at org.apache.coyote.http11.Http11OutputBuffer.flush(Http11OutputBuffer.java:217)
	at org.apache.coyote.http11.Http11Processor.flush(Http11Processor.java:1156)
	at org.apache.coyote.AbstractProcessor.action(AbstractProcessor.java:395)
	at org.apache.coyote.Response.action(Response.java:209)
	at org.apache.catalina.connector.OutputBuffer.doFlush(OutputBuffer.java:305)
	... 56 common frames omitted
2020-09-17 15:12:19.768 [HikariPool-1 housekeeper] WARN  com.zaxxer.hikari.pool.HikariPool - HikariPool-1 - Thread starvation or clock leap detected (housekeeper delta=1m32s837ms616µs600ns).
2020-09-17 15:13:15.457 [restartedMain] WARN  com.netflix.config.sources.URLConfigurationSource - No URLs will be polled as dynamic configuration sources.
2020-09-17 15:13:15.461 [restartedMain] WARN  com.netflix.config.sources.URLConfigurationSource - No URLs will be polled as dynamic configuration sources.
2020-09-17 16:39:39.439 [restartedMain] WARN  com.netflix.config.sources.URLConfigurationSource - No URLs will be polled as dynamic configuration sources.
2020-09-17 16:39:39.451 [restartedMain] WARN  com.netflix.config.sources.URLConfigurationSource - No URLs will be polled as dynamic configuration sources.
2020-09-17 18:09:08.476 [HikariPool-1 housekeeper] WARN  com.zaxxer.hikari.pool.HikariPool - HikariPool-1 - Thread starvation or clock leap detected (housekeeper delta=19m30s158ms828µs500ns).
2020-09-17 18:43:28.097 [restartedMain] WARN  com.netflix.config.sources.URLConfigurationSource - No URLs will be polled as dynamic configuration sources.
2020-09-17 18:43:28.101 [restartedMain] WARN  com.netflix.config.sources.URLConfigurationSource - No URLs will be polled as dynamic configuration sources.
2020-09-17 19:42:35.000 [HikariPool-1 housekeeper] WARN  com.zaxxer.hikari.pool.HikariPool - HikariPool-1 - Thread starvation or clock leap detected (housekeeper delta=29m37s796ms63µs600ns).
